Warning: SQLSTATE[23000]: Integrity constraint violation: 1052 Column 'code' in field list is ambiguous
Trace: #0 C:\xampp\htdocs\rmu\staff\src\System\DatabaseMethods.php(69): PDOStatement->execute()
#1 C:\xampp\htdocs\rmu\staff\src\System\DatabaseMethods.php(104): Src\System\DatabaseMethods->query('SELECT `code`, ...', Array)
#2 C:\xampp\htdocs\rmu\staff\src\Controller\SecretaryController.php(27): Src\System\DatabaseMethods->getData('SELECT `code`, ...')
#3 C:\xampp\htdocs\rmu\staff\secretary\index.php(71): Src\Controller\SecretaryController->fetchActiveCourses()
#4 {main}
Warning: SQLSTATE[42000]: Syntax error or access violation: 1064 You have an error in your SQL syntax; check the manual that corresponds to your MariaDB server version for the right syntax to use near 'AND c.`archived` = ''' at line 4
Trace: #0 C:\xampp\htdocs\rmu\staff\src\System\DatabaseMethods.php(70): PDOStatement->execute(Array)
#1 C:\xampp\htdocs\rmu\staff\src\System\DatabaseMethods.php(104): Src\System\DatabaseMethods->query('SELECT c.`code`...', Array)
#2 C:\xampp\htdocs\rmu\staff\src\Controller\SecretaryController.php(27): Src\System\DatabaseMethods->getData('SELECT c.`code`...', Array)
#3 C:\xampp\htdocs\rmu\staff\secretary\index.php(46): Src\Controller\SecretaryController->fetchActiveCourses(NULL, false)
#4 {main}
Warning: SQLSTATE[42000]: Syntax error or access violation: 1064 You have an error in your SQL syntax; check the manual that corresponds to your MariaDB server version for the right syntax to use near 'AND c.`archived` = ''' at line 4
Trace: #0 C:\xampp\htdocs\rmu\staff\src\System\DatabaseMethods.php(70): PDOStatement->execute(Array)
#1 C:\xampp\htdocs\rmu\staff\src\System\DatabaseMethods.php(104): Src\System\DatabaseMethods->query('SELECT c.`code`...', Array)
#2 C:\xampp\htdocs\rmu\staff\src\Controller\SecretaryController.php(27): Src\System\DatabaseMethods->getData('SELECT c.`code`...', Array)
#3 C:\xampp\htdocs\rmu\staff\secretary\index.php(46): Src\Controller\SecretaryController->fetchActiveCourses(NULL, false)
#4 {main}
Warning: SQLSTATE[HY093]: Invalid parameter number: number of bound variables does not match number of tokens
Trace: #0 C:\xampp\htdocs\rmu\staff\src\System\DatabaseMethods.php(70): PDOStatement->execute(Array)
#1 C:\xampp\htdocs\rmu\staff\src\System\DatabaseMethods.php(104): Src\System\DatabaseMethods->query('SELECT `code`, ...', Array)
#2 C:\xampp\htdocs\rmu\staff\src\Controller\SecretaryController.php(36): Src\System\DatabaseMethods->getData('SELECT `code`, ...', Array)
#3 C:\xampp\htdocs\rmu\staff\secretary\index.php(48): Src\Controller\SecretaryController->fetchAssignedCourses(1, false)
#4 {main}
Warning: SQLSTATE[HY093]: Invalid parameter number: number of bound variables does not match number of tokens
Trace: #0 C:\xampp\htdocs\rmu\staff\src\System\DatabaseMethods.php(70): PDOStatement->execute(Array)
#1 C:\xampp\htdocs\rmu\staff\src\System\DatabaseMethods.php(104): Src\System\DatabaseMethods->query('SELECT `code`, ...', Array)
#2 C:\xampp\htdocs\rmu\staff\src\Controller\SecretaryController.php(36): Src\System\DatabaseMethods->getData('SELECT `code`, ...', Array)
#3 C:\xampp\htdocs\rmu\staff\secretary\index.php(48): Src\Controller\SecretaryController->fetchAssignedCourses(1, false)
#4 {main}
Warning: SQLSTATE[42S22]: Column not found: 1054 Unknown column 'a.start_date' in 'field list'
Trace: #0 C:\xampp\htdocs\rmu\staff\src\System\DatabaseMethods.php(69): PDOStatement->execute()
#1 C:\xampp\htdocs\rmu\staff\src\System\DatabaseMethods.php(104): Src\System\DatabaseMethods->query('SELECT s.*, a.`...', Array)
#2 C:\xampp\htdocs\rmu\staff\src\Controller\SecretaryController.php(98): Src\System\DatabaseMethods->getData('SELECT s.*, a.`...')
#3 C:\xampp\htdocs\rmu\staff\secretary\index.php(272): Src\Controller\SecretaryController->fetchCurrentSemester()
#4 {main}
Warning: SQLSTATE[42S22]: Column not found: 1054 Unknown column 'a.start_date' in 'field list'
Trace: #0 C:\xampp\htdocs\rmu\staff\src\System\DatabaseMethods.php(69): PDOStatement->execute()
#1 C:\xampp\htdocs\rmu\staff\src\System\DatabaseMethods.php(104): Src\System\DatabaseMethods->query('SELECT s.*, a.`...', Array)
#2 C:\xampp\htdocs\rmu\staff\src\Controller\SecretaryController.php(98): Src\System\DatabaseMethods->getData('SELECT s.*, a.`...')
#3 C:\xampp\htdocs\rmu\staff\secretary\index.php(272): Src\Controller\SecretaryController->fetchCurrentSemester()
#4 {main}
Warning: SQLSTATE[42S22]: Column not found: 1054 Unknown column 'a.start_date' in 'field list'
Trace: #0 C:\xampp\htdocs\rmu\staff\src\System\DatabaseMethods.php(69): PDOStatement->execute()
#1 C:\xampp\htdocs\rmu\staff\src\System\DatabaseMethods.php(104): Src\System\DatabaseMethods->query('SELECT s.*, a.`...', Array)
#2 C:\xampp\htdocs\rmu\staff\src\Controller\SecretaryController.php(98): Src\System\DatabaseMethods->getData('SELECT s.*, a.`...')
#3 C:\xampp\htdocs\rmu\staff\secretary\index.php(272): Src\Controller\SecretaryController->fetchCurrentSemester()
#4 {main}
Warning: SQLSTATE[42S22]: Column not found: 1054 Unknown column 'a.start_date' in 'field list'
Trace: #0 C:\xampp\htdocs\rmu\staff\src\System\DatabaseMethods.php(69): PDOStatement->execute()
#1 C:\xampp\htdocs\rmu\staff\src\System\DatabaseMethods.php(104): Src\System\DatabaseMethods->query('SELECT s.*, a.`...', Array)
#2 C:\xampp\htdocs\rmu\staff\src\Controller\SecretaryController.php(98): Src\System\DatabaseMethods->getData('SELECT s.*, a.`...')
#3 C:\xampp\htdocs\rmu\staff\secretary\index.php(272): Src\Controller\SecretaryController->fetchCurrentSemester()
#4 {main}
Warning: SQLSTATE[42S22]: Column not found: 1054 Unknown column 'a.start_date' in 'field list'
Trace: #0 C:\xampp\htdocs\rmu\staff\src\System\DatabaseMethods.php(69): PDOStatement->execute()
#1 C:\xampp\htdocs\rmu\staff\src\System\DatabaseMethods.php(104): Src\System\DatabaseMethods->query('SELECT s.*, a.`...', Array)
#2 C:\xampp\htdocs\rmu\staff\src\Controller\SecretaryController.php(98): Src\System\DatabaseMethods->getData('SELECT s.*, a.`...')
#3 C:\xampp\htdocs\rmu\staff\secretary\index.php(272): Src\Controller\SecretaryController->fetchCurrentSemester()
#4 {main}
Warning: SQLSTATE[42S22]: Column not found: 1054 Unknown column 'a.start_date' in 'field list'
Trace: #0 C:\xampp\htdocs\rmu\staff\src\System\DatabaseMethods.php(69): PDOStatement->execute()
#1 C:\xampp\htdocs\rmu\staff\src\System\DatabaseMethods.php(104): Src\System\DatabaseMethods->query('SELECT s.*, a.`...', Array)
#2 C:\xampp\htdocs\rmu\staff\src\Controller\SecretaryController.php(98): Src\System\DatabaseMethods->getData('SELECT s.*, a.`...')
#3 C:\xampp\htdocs\rmu\staff\secretary\index.php(272): Src\Controller\SecretaryController->fetchCurrentSemester()
#4 {main}
Warning: SQLSTATE[42S22]: Column not found: 1054 Unknown column 'a.start_date' in 'field list'
Trace: #0 C:\xampp\htdocs\rmu\staff\src\System\DatabaseMethods.php(69): PDOStatement->execute()
#1 C:\xampp\htdocs\rmu\staff\src\System\DatabaseMethods.php(104): Src\System\DatabaseMethods->query('SELECT s.*, a.`...', Array)
#2 C:\xampp\htdocs\rmu\staff\src\Controller\SecretaryController.php(98): Src\System\DatabaseMethods->getData('SELECT s.*, a.`...')
#3 C:\xampp\htdocs\rmu\staff\secretary\index.php(272): Src\Controller\SecretaryController->fetchCurrentSemester()
#4 {main}
Warning: SQLSTATE[42S22]: Column not found: 1054 Unknown column 'a.start_date' in 'field list'
Trace: #0 C:\xampp\htdocs\rmu\staff\src\System\DatabaseMethods.php(69): PDOStatement->execute()
#1 C:\xampp\htdocs\rmu\staff\src\System\DatabaseMethods.php(104): Src\System\DatabaseMethods->query('SELECT s.*, a.`...', Array)
#2 C:\xampp\htdocs\rmu\staff\src\Controller\SecretaryController.php(98): Src\System\DatabaseMethods->getData('SELECT s.*, a.`...')
#3 C:\xampp\htdocs\rmu\staff\secretary\index.php(272): Src\Controller\SecretaryController->fetchCurrentSemester()
#4 {main}
Warning: SQLSTATE[42S22]: Column not found: 1054 Unknown column 'a.start_date' in 'field list'
Trace: #0 C:\xampp\htdocs\rmu\staff\src\System\DatabaseMethods.php(69): PDOStatement->execute()
#1 C:\xampp\htdocs\rmu\staff\src\System\DatabaseMethods.php(104): Src\System\DatabaseMethods->query('SELECT s.*, a.`...', Array)
#2 C:\xampp\htdocs\rmu\staff\src\Controller\SecretaryController.php(98): Src\System\DatabaseMethods->getData('SELECT s.*, a.`...')
#3 C:\xampp\htdocs\rmu\staff\secretary\index.php(272): Src\Controller\SecretaryController->fetchCurrentSemester()
#4 {main}
Warning: SQLSTATE[42S22]: Column not found: 1054 Unknown column 'a.start_date' in 'field list'
Trace: #0 C:\xampp\htdocs\rmu\staff\src\System\DatabaseMethods.php(69): PDOStatement->execute()
#1 C:\xampp\htdocs\rmu\staff\src\System\DatabaseMethods.php(104): Src\System\DatabaseMethods->query('SELECT s.*, a.`...', Array)
#2 C:\xampp\htdocs\rmu\staff\src\Controller\SecretaryController.php(98): Src\System\DatabaseMethods->getData('SELECT s.*, a.`...')
#3 C:\xampp\htdocs\rmu\staff\secretary\index.php(272): Src\Controller\SecretaryController->fetchCurrentSemester()
#4 {main}
Warning: SQLSTATE[42S22]: Column not found: 1054 Unknown column 's.number' in 'field list'
Trace: #0 C:\xampp\htdocs\rmu\staff\src\System\DatabaseMethods.php(70): PDOStatement->execute(Array)
#1 C:\xampp\htdocs\rmu\staff\src\System\DatabaseMethods.php(104): Src\System\DatabaseMethods->query('SELECT s.`numbe...', Array)
#2 C:\xampp\htdocs\rmu\staff\src\Controller\SecretaryController.php(107): Src\System\DatabaseMethods->getData('SELECT s.`numbe...', Array)
#3 C:\xampp\htdocs\rmu\staff\secretary\index.php(267): Src\Controller\SecretaryController->fetchAllLecturers()
#4 {main}
Warning: SQLSTATE[42S22]: Column not found: 1054 Unknown column 's.number' in 'field list'
Trace: #0 C:\xampp\htdocs\rmu\staff\src\System\DatabaseMethods.php(70): PDOStatement->execute(Array)
#1 C:\xampp\htdocs\rmu\staff\src\System\DatabaseMethods.php(104): Src\System\DatabaseMethods->query('SELECT s.`numbe...', Array)
#2 C:\xampp\htdocs\rmu\staff\src\Controller\SecretaryController.php(107): Src\System\DatabaseMethods->getData('SELECT s.`numbe...', Array)
#3 C:\xampp\htdocs\rmu\staff\secretary\index.php(267): Src\Controller\SecretaryController->fetchAllLecturers(1, false)
#4 {main}
Warning: SQLSTATE[42S22]: Column not found: 1054 Unknown column 's.number' in 'field list'
Trace: #0 C:\xampp\htdocs\rmu\staff\src\System\DatabaseMethods.php(70): PDOStatement->execute(Array)
#1 C:\xampp\htdocs\rmu\staff\src\System\DatabaseMethods.php(104): Src\System\DatabaseMethods->query('SELECT s.`numbe...', Array)
#2 C:\xampp\htdocs\rmu\staff\src\Controller\SecretaryController.php(107): Src\System\DatabaseMethods->getData('SELECT s.`numbe...', Array)
#3 C:\xampp\htdocs\rmu\staff\secretary\index.php(262): Src\Controller\SecretaryController->fetchAllLecturers(1, false)
#4 {main}
Warning: SQLSTATE[42S22]: Column not found: 1054 Unknown column 's.number' in 'field list'
Trace: #0 C:\xampp\htdocs\rmu\staff\src\System\DatabaseMethods.php(70): PDOStatement->execute(Array)
#1 C:\xampp\htdocs\rmu\staff\src\System\DatabaseMethods.php(104): Src\System\DatabaseMethods->query('SELECT s.`numbe...', Array)
#2 C:\xampp\htdocs\rmu\staff\src\Controller\SecretaryController.php(107): Src\System\DatabaseMethods->getData('SELECT s.`numbe...', Array)
#3 C:\xampp\htdocs\rmu\staff\secretary\index.php(262): Src\Controller\SecretaryController->fetchAllLecturers(1, false)
#4 {main}
Warning: SQLSTATE[42S22]: Column not found: 1054 Unknown column 'department_id' in 'where clause'
Trace: #0 C:\xampp\htdocs\rmu\staff\src\System\DatabaseMethods.php(70): PDOStatement->execute(Array)
#1 C:\xampp\htdocs\rmu\staff\src\System\DatabaseMethods.php(104): Src\System\DatabaseMethods->query('SELECT * FROM `...', Array)
#2 C:\xampp\htdocs\rmu\staff\src\Controller\SecretaryController.php(179): Src\System\DatabaseMethods->getData('SELECT * FROM `...', Array)
#3 C:\xampp\htdocs\rmu\staff\secretary\index.php(50): Src\Controller\SecretaryController->fetchCourseAssignmentsByDepartment(1, 1)
#4 {main}
